<?xml version="1.0" encoding="UTF-8"?>
<!-- Generated by org.testng.reporters.JUnitReportReporter -->
<testsuite hostname="DESKTOP-N474VGJ" failures="0" tests="1" name="com.rogansshoes.qa.testcases.LoginPageTest" time="24.870" errors="0" timestamp="2021-08-24T13:49:42 IST" skipped="0">
  <testcase classname="com.rogansshoes.qa.testcases.LoginPageTest" name="Login" time="24.870"/>
  <system-out/>
</testsuite> <!-- com.rogansshoes.qa.testcases.LoginPageTest -->
