<?xml version="1.0" encoding="UTF-8"?>
<!-- Generated by org.testng.reporters.JUnitReportReporter -->
<testsuite skipped="0" hostname="DESKTOP-N474VGJ" name="com.rogansshoes.qa.testcases.HomePageTest" tests="1" failures="0" timestamp="2021-09-02T07:15:00 IST" time="51.864" errors="0">
  <testcase name="homecat" time="51.864" classname="com.rogansshoes.qa.testcases.HomePageTest"/>
  <system-out/>
</testsuite> <!-- com.rogansshoes.qa.testcases.HomePageTest -->
