<?xml version="1.0" encoding="UTF-8"?>
<!-- Generated by org.testng.reporters.JUnitReportReporter -->
<testsuite skipped="0" hostname="DESKTOP-N474VGJ" name="com.rogansshoes.qa.testcases.HomePageTest" tests="17" failures="0" timestamp="2021-09-08T10:23:29 IST" time="323.589" errors="0">
  <testcase name="shopbybrand" time="51.498" classname="com.rogansshoes.qa.testcases.HomePageTest"/>
  <system-out/>
  <testcase name="womensshoes" time="24.655" classname="com.rogansshoes.qa.testcases.HomePageTest"/>
  <system-out/>
  <testcase name="mensshoes" time="16.188" classname="com.rogansshoes.qa.testcases.HomePageTest"/>
  <system-out/>
  <testcase name="kidsshoes" time="14.149" classname="com.rogansshoes.qa.testcases.HomePageTest"/>
  <system-out/>
  <testcase name="clothandassc" time="15.682" classname="com.rogansshoes.qa.testcases.HomePageTest"/>
  <system-out/>
  <testcase name="contactus" time="11.911" classname="com.rogansshoes.qa.testcases.HomePageTest"/>
  <system-out/>
  <testcase name="faq" time="11.886" classname="com.rogansshoes.qa.testcases.HomePageTest"/>
  <system-out/>
  <testcase name="mobileworkshoe" time="12.884" classname="com.rogansshoes.qa.testcases.HomePageTest"/>
  <system-out/>
  <testcase name="instagram" time="11.724" classname="com.rogansshoes.qa.testcases.HomePageTest"/>
  <system-out/>
  <testcase name="twitter" time="11.230" classname="com.rogansshoes.qa.testcases.HomePageTest"/>
  <system-out/>
  <testcase name="facebook" time="12.070" classname="com.rogansshoes.qa.testcases.HomePageTest"/>
  <system-out/>
  <testcase name="pinterest" time="16.112" classname="com.rogansshoes.qa.testcases.HomePageTest"/>
  <system-out/>
  <testcase name="storesafety" time="28.580" classname="com.rogansshoes.qa.testcases.HomePageTest"/>
  <system-out/>
  <testcase name="buyonline" time="13.486" classname="com.rogansshoes.qa.testcases.HomePageTest"/>
  <system-out/>
  <testcase name="storeinformation" time="13.765" classname="com.rogansshoes.qa.testcases.HomePageTest"/>
  <system-out/>
  <testcase name="employment" time="11.819" classname="com.rogansshoes.qa.testcases.HomePageTest"/>
  <system-out/>
  <testcase name="homecat" time="45.950" classname="com.rogansshoes.qa.testcases.HomePageTest"/>
  <system-out/>
</testsuite> <!-- com.rogansshoes.qa.testcases.HomePageTest -->
